# JRE version: OpenJDK Runtime Environment (17.0.11) (build 17.0.11+0--11852314)
# Java VM: OpenJDK 64-Bit Server VM (17.0.11+0--11852314, mixed mode, tiered, compressed oops, compressed class ptrs, g1 gc, windows-amd64)
GC Precious Log:
 CPUs: 8 total, 8 available
 Memory: 7834M
 Large Page Support: Disabled
 NUMA Support: Disabled
 Compressed Oops: Enabled (32-bit)
 Heap Region Size: 1M
 Heap Min Capacity: 8M
 Heap Initial Capacity: 124M
 Heap Max Capacity: 2G
 Pre-touch: Disabled
 Parallel Workers: 8
 Concurrent Workers: 2
 Concurrent Refinement Workers: 8
 Periodic GC: Disabled
Heap:
 garbage-first heap   total 311296K, used 147122K [0x0000000080000000, 0x0000000100000000)
  region size 1024K, 4 young (4096K), 4 survivors (4096K)
 Metaspace       used 147107K, committed 148096K, reserved 1179648K
  class space    used 19684K, committed 20160K, reserved 1048576K
GC Heap History (20 events):
Event: 813.153 GC heap after
{Heap after GC invocations=57 (full 0):
 garbage-first heap   total 282624K, used 121078K [0x0000000080000000, 0x0000000100000000)
  region size 1024K, 1 young (1024K), 1 survivors (1024K)
 Metaspace       used 140690K, committed 141760K, reserved 1179648K
  class space    used 19127K, committed 19648K, reserved 1048576K
}
Event: 813.535 GC heap before
{Heap before GC invocations=57 (full 0):
 garbage-first heap   total 282624K, used 135414K [0x0000000080000000, 0x0000000100000000)
  region size 1024K, 17 young (17408K), 1 survivors (1024K)
 Metaspace       used 140853K, committed 141888K, reserved 1179648K
  class space    used 19127K, committed 19648K, reserved 1048576K
}
Event: 813.538 GC heap after
{Heap after GC invocations=58 (full 0):
 garbage-first heap   total 282624K, used 121219K [0x0000000080000000, 0x0000000100000000)
  region size 1024K, 1 young (1024K), 1 survivors (1024K)
 Metaspace       used 140853K, committed 141888K, reserved 1179648K
  class space    used 19127K, committed 19648K, reserved 1048576K
}
Event: 1294.325 GC heap before
{Heap before GC invocations=59 (full 0):
 garbage-first heap   total 282624K, used 266627K [0x0000000080000000, 0x0000000100000000)
  region size 1024K, 110 young (112640K), 1 survivors (1024K)
 Metaspace       used 141298K, committed 142336K, reserved 1179648K
  class space    used 19145K, committed 19648K, reserved 1048576K
}
Event: 1294.474 GC heap after
{Heap after GC invocations=60 (full 0):
 garbage-first heap   total 287744K, used 141789K [0x0000000080000000, 0x0000000100000000)
  region size 1024K, 14 young (14336K), 14 survivors (14336K)
 Metaspace       used 141298K, committed 142336K, reserved 1179648K
  class space    used 19145K, committed 19648K, reserved 1048576K
}
Event: 1294.527 GC heap before
{Heap before GC invocations=60 (full 0):
 garbage-first heap   total 287744K, used 142813K [0x0000000080000000, 0x0000000100000000)
  region size 1024K, 15 young (15360K), 14 survivors (14336K)
 Metaspace       used 141301K, committed 142336K, reserved 1179648K
  class space    used 19145K, committed 19648K, reserved 1048576K
}
Event: 1294.600 GC heap after
{Heap after GC invocations=61 (full 0):
 garbage-first heap   total 287744K, used 141062K [0x0000000080000000, 0x0000000100000000)
  region size 1024K, 2 young (2048K), 2 survivors (2048K)
 Metaspace       used 141301K, committed 142336K, reserved 1179648K
  class space    used 19145K, committed 19648K, reserved 1048576K
}
Event: 1296.858 GC heap before
{Heap before GC invocations=61 (full 0):
 garbage-first heap   total 287744K, used 221958K [0x0000000080000000, 0x0000000100000000)
  region size 1024K, 83 young (84992K), 2 survivors (2048K)
 Metaspace       used 141942K, committed 142976K, reserved 1179648K
  class space    used 19148K, committed 19648K, reserved 1048576K
}
Event: 1296.882 GC heap after
{Heap after GC invocations=62 (full 0):
 garbage-first heap   total 287744K, used 145483K [0x0000000080000000, 0x0000000100000000)
  region size 1024K, 6 young (6144K), 6 survivors (6144K)
 Metaspace       used 141942K, committed 142976K, reserved 1179648K
  class space    used 19148K, committed 19648K, reserved 1048576K
}
Event: 1423.597 GC heap before
{Heap before GC invocations=63 (full 0):
 garbage-first heap   total 306176K, used 264267K [0x0000000080000000, 0x0000000100000000)
  region size 1024K, 89 young (91136K), 6 survivors (6144K)
 Metaspace       used 143664K, committed 144768K, reserved 1179648K
  class space    used 19316K, committed 19840K, reserved 1048576K
}
Event: 1423.722 GC heap after
{Heap after GC invocations=64 (full 0):
 garbage-first heap   total 306176K, used 164571K [0x0000000080000000, 0x0000000100000000)
  region size 1024K, 12 young (12288K), 12 survivors (12288K)
 Metaspace       used 143664K, committed 144768K, reserved 1179648K
  class space    used 19316K, committed 19840K, reserved 1048576K
}
Event: 1423.846 GC heap before
{Heap before GC invocations=64 (full 0):
 garbage-first heap   total 306176K, used 166619K [0x0000000080000000, 0x0000000100000000)
  region size 1024K, 14 young (14336K), 12 survivors (12288K)
 Metaspace       used 143736K, committed 144832K, reserved 1179648K
  class space    used 19327K, committed 19840K, reserved 1048576K
}
Event: 1423.921 GC heap after
{Heap after GC invocations=65 (full 0):
 garbage-first heap   total 306176K, used 159132K [0x0000000080000000, 0x0000000100000000)
  region size 1024K, 2 young (2048K), 2 survivors (2048K)
 Metaspace       used 143736K, committed 144832K, reserved 1179648K
  class space    used 19327K, committed 19840K, reserved 1048576K
}
Event: 1425.631 GC heap before
{Heap before GC invocations=65 (full 0):
 garbage-first heap   total 306176K, used 186780K [0x0000000080000000, 0x0000000100000000)
  region size 1024K, 30 young (30720K), 2 survivors (2048K)
 Metaspace       used 144156K, committed 145280K, reserved 1179648K
  class space    used 19360K, committed 19904K, reserved 1048576K
}
Event: 1425.662 GC heap after
{Heap after GC invocations=66 (full 0):
 garbage-first heap   total 306176K, used 166916K [0x0000000080000000, 0x0000000100000000)
  region size 1024K, 10 young (10240K), 10 survivors (10240K)
 Metaspace       used 144156K, committed 145280K, reserved 1179648K
  class space    used 19360K, committed 19904K, reserved 1048576K
}
Event: 1430.719 GC heap before
{Heap before GC invocations=67 (full 0):
 garbage-first heap   total 311296K, used 254980K [0x0000000080000000, 0x0000000100000000)
  region size 1024K, 79 young (80896K), 10 survivors (10240K)
 Metaspace       used 147007K, committed 148032K, reserved 1179648K
  class space    used 19682K, committed 20160K, reserved 1048576K
}
Event: 1430.748 GC heap after
{Heap after GC invocations=68 (full 0):
 garbage-first heap   total 311296K, used 166005K [0x0000000080000000, 0x0000000100000000)
  region size 1024K, 8 young (8192K), 8 survivors (8192K)
 Metaspace       used 147007K, committed 148032K, reserved 1179648K
  class space    used 19682K, committed 20160K, reserved 1048576K
}
Event: 1430.898 GC heap before
{Heap before GC invocations=68 (full 0):
 garbage-first heap   total 311296K, used 172149K [0x0000000080000000, 0x0000000100000000)
  region size 1024K, 15 young (15360K), 8 survivors (8192K)
 Metaspace       used 147057K, committed 148096K, reserved 1179648K
  class space    used 19682K, committed 20160K, reserved 1048576K
}
Event: 1430.932 GC heap after
{Heap after GC invocations=69 (full 0):
 garbage-first heap   total 311296K, used 144597K [0x0000000080000000, 0x0000000100000000)
  region size 1024K, 2 young (2048K), 2 survivors (2048K)
 Metaspace       used 147057K, committed 148096K, reserved 1179648K
  class space    used 19682K, committed 20160K, reserved 1048576K
}
Event: 1431.573 GC heap before
{Heap before GC invocations=69 (full 0):
 garbage-first heap   total 311296K, used 158933K [0x0000000080000000, 0x0000000100000000)
  region size 1024K, 18 young (18432K), 2 survivors (2048K)
 Metaspace       used 147107K, committed 148096K, reserved 1179648K
  class space    used 19684K, committed 20160K, reserved 1048576K
}

