# JRE version: OpenJDK Runtime Environment (17.0.11) (build 17.0.11+0--11852314)
# Java VM: OpenJDK 64-Bit Server VM (17.0.11+0--11852314, mixed mode, tiered, compressed oops, compressed class ptrs, g1 gc, windows-amd64)
GC Precious Log:
 CPUs: 8 total, 8 available
 Memory: 7834M
 Large Page Support: Disabled
 NUMA Support: Disabled
 Compressed Oops: Enabled (32-bit)
 Heap Region Size: 1M
 Heap Min Capacity: 8M
 Heap Initial Capacity: 124M
 Heap Max Capacity: 2G
 Pre-touch: Disabled
 Parallel Workers: 8
 Concurrent Workers: 2
 Concurrent Refinement Workers: 8
 Periodic GC: Disabled
Heap:
 garbage-first heap   total 397312K, used 215252K [0x0000000080000000, 0x0000000100000000)
  region size 1024K, 8 young (8192K), 8 survivors (8192K)
 Metaspace       used 155148K, committed 156352K, reserved 1245184K
  class space    used 20591K, committed 21184K, reserved 1048576K
GC Heap History (20 events):
Event: 876.603 GC heap after
{Heap after GC invocations=43 (full 0):
 garbage-first heap   total 386048K, used 134429K [0x0000000080000000, 0x0000000100000000)
  region size 1024K, 10 young (10240K), 10 survivors (10240K)
 Metaspace       used 120286K, committed 121216K, reserved 1179648K
  class space    used 15897K, committed 16320K, reserved 1048576K
}
Event: 879.253 GC heap before
{Heap before GC invocations=43 (full 0):
 garbage-first heap   total 386048K, used 256285K [0x0000000080000000, 0x0000000100000000)
  region size 1024K, 130 young (133120K), 10 survivors (10240K)
 Metaspace       used 134339K, committed 135296K, reserved 1179648K
  class space    used 18090K, committed 18496K, reserved 1048576K
}
Event: 879.275 GC heap after
{Heap after GC invocations=44 (full 0):
 garbage-first heap   total 386048K, used 140027K [0x0000000080000000, 0x0000000100000000)
  region size 1024K, 6 young (6144K), 6 survivors (6144K)
 Metaspace       used 134339K, committed 135296K, reserved 1179648K
  class space    used 18090K, committed 18496K, reserved 1048576K
}
Event: 1039.823 GC heap before
{Heap before GC invocations=45 (full 0):
 garbage-first heap   total 386048K, used 333563K [0x0000000080000000, 0x0000000100000000)
  region size 1024K, 164 young (167936K), 6 survivors (6144K)
 Metaspace       used 136733K, committed 137792K, reserved 1179648K
  class space    used 18338K, committed 18816K, reserved 1048576K
}
Event: 1039.946 GC heap after
{Heap after GC invocations=46 (full 0):
 garbage-first heap   total 386048K, used 151608K [0x0000000080000000, 0x0000000100000000)
  region size 1024K, 15 young (15360K), 15 survivors (15360K)
 Metaspace       used 136733K, committed 137792K, reserved 1179648K
  class space    used 18338K, committed 18816K, reserved 1048576K
}
Event: 1040.064 GC heap before
{Heap before GC invocations=46 (full 0):
 garbage-first heap   total 386048K, used 153656K [0x0000000080000000, 0x0000000100000000)
  region size 1024K, 18 young (18432K), 15 survivors (15360K)
 Metaspace       used 136802K, committed 137856K, reserved 1179648K
  class space    used 18340K, committed 18816K, reserved 1048576K
}
Event: 1040.127 GC heap after
{Heap after GC invocations=47 (full 0):
 garbage-first heap   total 386048K, used 142917K [0x0000000080000000, 0x0000000100000000)
  region size 1024K, 2 young (2048K), 2 survivors (2048K)
 Metaspace       used 136802K, committed 137856K, reserved 1179648K
  class space    used 18340K, committed 18816K, reserved 1048576K
}
Event: 1040.466 GC heap before
{Heap before GC invocations=47 (full 0):
 garbage-first heap   total 386048K, used 153157K [0x0000000080000000, 0x0000000100000000)
  region size 1024K, 13 young (13312K), 2 survivors (2048K)
 Metaspace       used 136946K, committed 137920K, reserved 1179648K
  class space    used 18340K, committed 18816K, reserved 1048576K
}
Event: 1040.474 GC heap after
{Heap after GC invocations=48 (full 0):
 garbage-first heap   total 386048K, used 141879K [0x0000000080000000, 0x0000000100000000)
  region size 1024K, 1 young (1024K), 1 survivors (1024K)
 Metaspace       used 136946K, committed 137920K, reserved 1179648K
  class space    used 18340K, committed 18816K, reserved 1048576K
}
Event: 1386.058 GC heap before
{Heap before GC invocations=49 (full 0):
 garbage-first heap   total 386048K, used 366135K [0x0000000080000000, 0x0000000100000000)
  region size 1024K, 150 young (153600K), 1 survivors (1024K)
 Metaspace       used 146081K, committed 147264K, reserved 1179648K
  class space    used 19535K, committed 20096K, reserved 1048576K
}
Event: 1386.150 GC heap after
{Heap after GC invocations=50 (full 0):
 garbage-first heap   total 390144K, used 203094K [0x0000000080000000, 0x0000000100000000)
  region size 1024K, 21 young (21504K), 21 survivors (21504K)
 Metaspace       used 146081K, committed 147264K, reserved 1179648K
  class space    used 19535K, committed 20096K, reserved 1048576K
}
Event: 1386.201 GC heap before
{Heap before GC invocations=50 (full 0):
 garbage-first heap   total 390144K, used 204118K [0x0000000080000000, 0x0000000100000000)
  region size 1024K, 22 young (22528K), 21 survivors (21504K)
 Metaspace       used 146173K, committed 147328K, reserved 1179648K
  class space    used 19547K, committed 20096K, reserved 1048576K
}
Event: 1386.398 GC heap after
{Heap after GC invocations=51 (full 0):
 garbage-first heap   total 390144K, used 187141K [0x0000000080000000, 0x0000000100000000)
  region size 1024K, 2 young (2048K), 2 survivors (2048K)
 Metaspace       used 146173K, committed 147328K, reserved 1179648K
  class space    used 19547K, committed 20096K, reserved 1048576K
}
Event: 1738.812 GC heap before
{Heap before GC invocations=51 (full 0):
 garbage-first heap   total 390144K, used 311045K [0x0000000080000000, 0x0000000100000000)
  region size 1024K, 124 young (126976K), 2 survivors (2048K)
 Metaspace       used 152966K, committed 154240K, reserved 1245184K
  class space    used 20378K, committed 20992K, reserved 1048576K
}
Event: 1739.012 GC heap after
{Heap after GC invocations=52 (full 0):
 garbage-first heap   total 390144K, used 194375K [0x0000000080000000, 0x0000000100000000)
  region size 1024K, 9 young (9216K), 9 survivors (9216K)
 Metaspace       used 152966K, committed 154240K, reserved 1245184K
  class space    used 20378K, committed 20992K, reserved 1048576K
}
Event: 2916.874 GC heap before
{Heap before GC invocations=53 (full 0):
 garbage-first heap   total 390144K, used 319303K [0x0000000080000000, 0x0000000100000000)
  region size 1024K, 127 young (130048K), 9 survivors (9216K)
 Metaspace       used 155126K, committed 156352K, reserved 1245184K
  class space    used 20590K, committed 21184K, reserved 1048576K
}
Event: 2917.053 GC heap after
{Heap after GC invocations=54 (full 0):
 garbage-first heap   total 390144K, used 218518K [0x0000000080000000, 0x0000000100000000)
  region size 1024K, 16 young (16384K), 16 survivors (16384K)
 Metaspace       used 155126K, committed 156352K, reserved 1245184K
  class space    used 20590K, committed 21184K, reserved 1048576K
}
Event: 2917.155 GC heap before
{Heap before GC invocations=54 (full 0):
 garbage-first heap   total 390144K, used 221590K [0x0000000080000000, 0x0000000100000000)
  region size 1024K, 19 young (19456K), 16 survivors (16384K)
 Metaspace       used 155126K, committed 156352K, reserved 1245184K
  class space    used 20590K, committed 21184K, reserved 1048576K
}
Event: 2917.291 GC heap after
{Heap after GC invocations=55 (full 0):
 garbage-first heap   total 390144K, used 210560K [0x0000000080000000, 0x0000000100000000)
  region size 1024K, 3 young (3072K), 3 survivors (3072K)
 Metaspace       used 155126K, committed 156352K, reserved 1245184K
  class space    used 20590K, committed 21184K, reserved 1048576K
}
Event: 2917.605 GC heap before
{Heap before GC invocations=55 (full 0):
 garbage-first heap   total 390144K, used 215680K [0x0000000080000000, 0x0000000100000000)
  region size 1024K, 10 young (10240K), 3 survivors (3072K)
 Metaspace       used 155148K, committed 156352K, reserved 1245184K
  class space    used 20591K, committed 21184K, reserved 1048576K
}

